[main] INFO  com.jdbc.jdbcExamplee.InsertExample1  - intserted sucessfully
  [main] INFO  com.jdbc.jdbcExamplee.InsertExample1  - intserted sucessfully
  [main] INFO  com.jdbc.jdbcExamplee.InsertExample1  - intserted sucessfully
  [main] INFO  com.jdbc.jdbcExamplee.InsertExample1  - intserted sucessfully
  [main] INFO  com.jdbc.jdbcExamplee.InsertExample1  - intserted sucessfully
  intserted sucessfully
2022-09-22 17:56:27 INFO  InsertExample1:34 - intserted sucessfully
 2022-09-22 17:56:35 INFO  InsertExample1:34 - intserted sucessfully
 2022-09-22 17:58:12 INFO  InsertExample1:34 - intserted sucessfully
  [main] INFO  com.jdbc.jdbcExamplee.InsertExample1  - intserted sucessfully
 2022-09-22 18:01:39 INFO  InsertExample1:34 - intserted sucessfully
  2022-09-22 18:11:31 INFO  SelectExample1:37 - 1
  2022-09-22 18:11:31 INFO  SelectExample1:38 - chandu
  2022-09-22 18:11:31 INFO  SelectExample1:39 - reddy
  2022-09-22 18:11:31 INFO  SelectExample1:40 - 21
  2022-09-22 18:11:31 INFO  SelectExample1:37 - 2
  2022-09-22 18:11:31 INFO  SelectExample1:38 - tej
  2022-09-22 18:11:31 INFO  SelectExample1:39 - kumar
  2022-09-22 18:11:31 INFO  SelectExample1:40 - 22
  2022-09-22 18:11:31 INFO  SelectExample1:37 - 3
  2022-09-22 18:11:31 INFO  SelectExample1:38 - hari
  2022-09-22 18:11:31 INFO  SelectExample1:39 - prakash
  2022-09-22 18:11:31 INFO  SelectExample1:40 - 21
  2022-09-22 18:11:31 INFO  SelectExample1:37 - 4
  2022-09-22 18:11:31 INFO  SelectExample1:38 - sunny
  2022-09-22 18:11:31 INFO  SelectExample1:39 - leone
  2022-09-22 18:11:31 INFO  SelectExample1:40 - 30
  2022-09-22 18:11:31 INFO  SelectExample1:37 - 5
  2022-09-22 18:11:31 INFO  SelectExample1:38 - sidhu
  2022-09-22 18:11:31 INFO  SelectExample1:39 - sudarshan
  2022-09-22 18:11:31 INFO  SelectExample1:40 - 22
  2022-09-22 18:11:31 INFO  SelectExample1:37 - 6
  2022-09-22 18:11:31 INFO  SelectExample1:38 - sury
  2022-09-22 18:11:31 INFO  SelectExample1:39 - reddy
  2022-09-22 18:11:31 INFO  SelectExample1:40 - 22
  2022-09-22 18:11:31 INFO  SelectExample1:37 - 7
  2022-09-22 18:11:31 INFO  SelectExample1:38 - dinesh
  2022-09-22 18:11:31 INFO  SelectExample1:39 - babu
  2022-09-22 18:11:31 INFO  SelectExample1:40 - 22
  2022-09-22 18:11:31 INFO  SelectExample1:37 - 9
  2022-09-22 18:11:31 INFO  SelectExample1:38 - ganesh
  2022-09-22 18:11:31 INFO  SelectExample1:39 - gane
  2022-09-22 18:11:31 INFO  SelectExample1:40 - 22
  2022-09-22 18:11:31 INFO  SelectExample1:37 - 10
  2022-09-22 18:11:31 INFO  SelectExample1:38 - ganesh
  2022-09-22 18:11:31 INFO  SelectExample1:39 - gane
  2022-09-22 18:11:31 INFO  SelectExample1:40 - 22
  2022-09-22 18:11:31 INFO  SelectExample1:37 - 11
  2022-09-22 18:11:31 INFO  SelectExample1:38 - ganesh
  2022-09-22 18:11:31 INFO  SelectExample1:39 - gane
  2022-09-22 18:11:31 INFO  SelectExample1:40 - 22
  2022-09-22 18:11:31 INFO  SelectExample1:37 - 12
  2022-09-22 18:11:31 INFO  SelectExample1:38 - ganesh
  2022-09-22 18:11:31 INFO  SelectExample1:39 - gane
  2022-09-22 18:11:31 INFO  SelectExample1:40 - 22
  2022-09-22 18:11:31 INFO  SelectExample1:37 - 13
  2022-09-22 18:11:31 INFO  SelectExample1:38 - ganesh
  2022-09-22 18:11:31 INFO  SelectExample1:39 - gane
  2022-09-22 18:11:31 INFO  SelectExample1:40 - 22
  2022-09-22 18:11:31 INFO  SelectExample1:37 - 14
  2022-09-22 18:11:31 INFO  SelectExample1:38 - ganesh
  2022-09-22 18:11:31 INFO  SelectExample1:39 - gane
  2022-09-22 18:11:31 INFO  SelectExample1:40 - 22
  2022-09-22 18:11:31 INFO  SelectExample1:37 - 15
  2022-09-22 18:11:31 INFO  SelectExample1:38 - ganesh
  2022-09-22 18:11:31 INFO  SelectExample1:39 - gane
  2022-09-22 18:11:31 INFO  SelectExample1:40 - 22
  2022-09-22 18:11:31 INFO  SelectExample1:37 - 16
  2022-09-22 18:11:31 INFO  SelectExample1:38 - ganesh
  2022-09-22 18:11:31 INFO  SelectExample1:39 - gane
  2022-09-22 18:11:31 INFO  SelectExample1:40 - 22
  2022-09-22 18:11:31 INFO  SelectExample1:37 - 17
  2022-09-22 18:11:31 INFO  SelectExample1:38 - ganesh
  2022-09-22 18:11:31 INFO  SelectExample1:39 - gane
  2022-09-22 18:11:31 INFO  SelectExample1:40 - 22
  2022-09-22 18:11:31 INFO  SelectExample1:37 - 18
  2022-09-22 18:11:31 INFO  SelectExample1:38 - ganesh
  2022-09-22 18:11:31 INFO  SelectExample1:39 - gane
  2022-09-22 18:11:31 INFO  SelectExample1:40 - 22
  2022-09-22 18:11:31 INFO  SelectExample1:37 - 19
  2022-09-22 18:11:31 INFO  SelectExample1:38 - ganesh
  2022-09-22 18:11:31 INFO  SelectExample1:39 - gane
  2022-09-22 18:11:31 INFO  SelectExample1:40 - 22
  2022-09-22 18:11:31 INFO  SelectExample1:37 - 20
  2022-09-22 18:11:31 INFO  SelectExample1:38 - ganesh
  2022-09-22 18:11:31 INFO  SelectExample1:39 - gane
  2022-09-22 18:11:31 INFO  SelectExample1:40 - 22
  2022-09-22 18:11:31 INFO  SelectExample1:37 - 21
  2022-09-22 18:11:31 INFO  SelectExample1:38 - ganesh
  2022-09-22 18:11:31 INFO  SelectExample1:39 - gane
  2022-09-22 18:11:31 INFO  SelectExample1:40 - 22
  2022-09-22 18:11:31 INFO  SelectExample1:37 - 22
  2022-09-22 18:11:31 INFO  SelectExample1:38 - ganesh
  2022-09-22 18:11:31 INFO  SelectExample1:39 - gane
  2022-09-22 18:11:31 INFO  SelectExample1:40 - 22
  2022-09-22 18:11:31 INFO  SelectExample1:37 - 23
  2022-09-22 18:11:31 INFO  SelectExample1:38 - ganesh
  2022-09-22 18:11:31 INFO  SelectExample1:39 - gane
  2022-09-22 18:11:31 INFO  SelectExample1:40 - 22
  2022-09-22 18:12:30 INFO  UpdateExample1:41 - Record not Updated.....
  2022-09-22 18:13:24 INFO  UpdateExample1:41 - Record not deleted.....
  2022-09-22 18:14:53 INFO  SelectExample1:37 - 1
  2022-09-22 18:14:53 INFO  SelectExample1:38 - chandu
  2022-09-22 18:14:53 INFO  SelectExample1:39 - reddy
  2022-09-22 18:14:53 INFO  SelectExample1:40 - 21
  2022-09-22 18:14:53 INFO  SelectExample1:42 - =============
  2022-09-22 18:14:53 INFO  SelectExample1:37 - 2
  2022-09-22 18:14:53 INFO  SelectExample1:38 - tej
  2022-09-22 18:14:53 INFO  SelectExample1:39 - kumar
  2022-09-22 18:14:53 INFO  SelectExample1:40 - 22
  2022-09-22 18:14:53 INFO  SelectExample1:42 - =============
  2022-09-22 18:14:53 INFO  SelectExample1:37 - 3
  2022-09-22 18:14:53 INFO  SelectExample1:38 - hari
  2022-09-22 18:14:53 INFO  SelectExample1:39 - prakash
  2022-09-22 18:14:53 INFO  SelectExample1:40 - 21
  2022-09-22 18:14:53 INFO  SelectExample1:42 - =============
  2022-09-22 18:14:53 INFO  SelectExample1:37 - 4
  2022-09-22 18:14:53 INFO  SelectExample1:38 - sunny
  2022-09-22 18:14:53 INFO  SelectExample1:39 - leone
  2022-09-22 18:14:53 INFO  SelectExample1:40 - 30
  2022-09-22 18:14:53 INFO  SelectExample1:42 - =============
  2022-09-22 18:14:53 INFO  SelectExample1:37 - 5
  2022-09-22 18:14:53 INFO  SelectExample1:38 - sidhu
  2022-09-22 18:14:53 INFO  SelectExample1:39 - sudarshan
  2022-09-22 18:14:53 INFO  SelectExample1:40 - 22
  2022-09-22 18:14:53 INFO  SelectExample1:42 - =============
  2022-09-22 18:14:53 INFO  SelectExample1:37 - 6
  2022-09-22 18:14:53 INFO  SelectExample1:38 - sury
  2022-09-22 18:14:53 INFO  SelectExample1:39 - reddy
  2022-09-22 18:14:53 INFO  SelectExample1:40 - 22
  2022-09-22 18:14:53 INFO  SelectExample1:42 - =============
  2022-09-22 18:14:53 INFO  SelectExample1:37 - 7
  2022-09-22 18:14:53 INFO  SelectExample1:38 - dinesh
  2022-09-22 18:14:53 INFO  SelectExample1:39 - babu
  2022-09-22 18:14:53 INFO  SelectExample1:40 - 22
  2022-09-22 18:14:53 INFO  SelectExample1:42 - =============
  2022-09-22 18:14:53 INFO  SelectExample1:37 - 9
  2022-09-22 18:14:53 INFO  SelectExample1:38 - ganesh
  2022-09-22 18:14:53 INFO  SelectExample1:39 - gane
  2022-09-22 18:14:53 INFO  SelectExample1:40 - 22
  2022-09-22 18:14:53 INFO  SelectExample1:42 - =============
  2022-09-22 18:14:53 INFO  SelectExample1:37 - 10
  2022-09-22 18:14:53 INFO  SelectExample1:38 - ganesh
  2022-09-22 18:14:53 INFO  SelectExample1:39 - gane
  2022-09-22 18:14:53 INFO  SelectExample1:40 - 22
  2022-09-22 18:14:53 INFO  SelectExample1:42 - =============
  2022-09-22 18:14:53 INFO  SelectExample1:37 - 11
  2022-09-22 18:14:53 INFO  SelectExample1:38 - ganesh
  2022-09-22 18:14:53 INFO  SelectExample1:39 - gane
  2022-09-22 18:14:53 INFO  SelectExample1:40 - 22
  2022-09-22 18:14:53 INFO  SelectExample1:42 - =============
  2022-09-22 18:14:53 INFO  SelectExample1:37 - 12
  2022-09-22 18:14:53 INFO  SelectExample1:38 - ganesh
  2022-09-22 18:14:53 INFO  SelectExample1:39 - gane
  2022-09-22 18:14:53 INFO  SelectExample1:40 - 22
  2022-09-22 18:14:53 INFO  SelectExample1:42 - =============
  2022-09-22 18:14:53 INFO  SelectExample1:37 - 13
  2022-09-22 18:14:53 INFO  SelectExample1:38 - ganesh
  2022-09-22 18:14:53 INFO  SelectExample1:39 - gane
  2022-09-22 18:14:53 INFO  SelectExample1:40 - 22
  2022-09-22 18:14:53 INFO  SelectExample1:42 - =============
  2022-09-22 18:14:53 INFO  SelectExample1:37 - 14
  2022-09-22 18:14:53 INFO  SelectExample1:38 - ganesh
  2022-09-22 18:14:53 INFO  SelectExample1:39 - gane
  2022-09-22 18:14:53 INFO  SelectExample1:40 - 22
  2022-09-22 18:14:53 INFO  SelectExample1:42 - =============
  2022-09-22 18:14:53 INFO  SelectExample1:37 - 15
  2022-09-22 18:14:53 INFO  SelectExample1:38 - ganesh
  2022-09-22 18:14:53 INFO  SelectExample1:39 - gane
  2022-09-22 18:14:53 INFO  SelectExample1:40 - 22
  2022-09-22 18:14:53 INFO  SelectExample1:42 - =============
  2022-09-22 18:14:53 INFO  SelectExample1:37 - 16
  2022-09-22 18:14:53 INFO  SelectExample1:38 - ganesh
  2022-09-22 18:14:53 INFO  SelectExample1:39 - gane
  2022-09-22 18:14:53 INFO  SelectExample1:40 - 22
  2022-09-22 18:14:53 INFO  SelectExample1:42 - =============
  2022-09-22 18:14:53 INFO  SelectExample1:37 - 17
  2022-09-22 18:14:53 INFO  SelectExample1:38 - ganesh
  2022-09-22 18:14:53 INFO  SelectExample1:39 - gane
  2022-09-22 18:14:53 INFO  SelectExample1:40 - 22
  2022-09-22 18:14:53 INFO  SelectExample1:42 - =============
  2022-09-22 18:14:53 INFO  SelectExample1:37 - 18
  2022-09-22 18:14:53 INFO  SelectExample1:38 - ganesh
  2022-09-22 18:14:53 INFO  SelectExample1:39 - gane
  2022-09-22 18:14:53 INFO  SelectExample1:40 - 22
  2022-09-22 18:14:53 INFO  SelectExample1:42 - =============
  2022-09-22 18:14:53 INFO  SelectExample1:37 - 19
  2022-09-22 18:14:53 INFO  SelectExample1:38 - ganesh
  2022-09-22 18:14:53 INFO  SelectExample1:39 - gane
  2022-09-22 18:14:53 INFO  SelectExample1:40 - 22
  2022-09-22 18:14:53 INFO  SelectExample1:42 - =============
  2022-09-22 18:14:53 INFO  SelectExample1:37 - 20
  2022-09-22 18:14:53 INFO  SelectExample1:38 - ganesh
  2022-09-22 18:14:53 INFO  SelectExample1:39 - gane
  2022-09-22 18:14:53 INFO  SelectExample1:40 - 22
  2022-09-22 18:14:53 INFO  SelectExample1:42 - =============
  2022-09-22 18:14:53 INFO  SelectExample1:37 - 21
  2022-09-22 18:14:53 INFO  SelectExample1:38 - ganesh
  2022-09-22 18:14:53 INFO  SelectExample1:39 - gane
  2022-09-22 18:14:53 INFO  SelectExample1:40 - 22
  2022-09-22 18:14:53 INFO  SelectExample1:42 - =============
  2022-09-22 18:14:53 INFO  SelectExample1:37 - 22
  2022-09-22 18:14:53 INFO  SelectExample1:38 - ganesh
  2022-09-22 18:14:53 INFO  SelectExample1:39 - gane
  2022-09-22 18:14:53 INFO  SelectExample1:40 - 22
  2022-09-22 18:14:53 INFO  SelectExample1:42 - =============
  2022-09-22 18:14:53 INFO  SelectExample1:37 - 23
  2022-09-22 18:14:53 INFO  SelectExample1:38 - ganesh
  2022-09-22 18:14:53 INFO  SelectExample1:39 - gane
  2022-09-22 18:14:53 INFO  SelectExample1:40 - 22
  2022-09-22 18:14:53 INFO  SelectExample1:42 - =============
  